-------------------------------------------------------------------------------
Test set: co.activityschool.ActivitySchoolApplicationTests
-------------------------------------------------------------------------------
Tests run: 1, Failures: 0, Errors: 1, Skipped: 0, Time elapsed: 10.632 s <<< FAILURE! - in co.activityschool.ActivitySchoolApplicationTests
contextLoads  Time elapsed: 0.203 s  <<< ERROR!
java.lang.IllegalStateException: Failed to load ApplicationContext
Caused by: org.springframework.beans.factory.BeanCreationException: Error creating bean with name 'entityManagerFactory' defined in class path resource [org/springframework/boot/autoconfigure/orm/jpa/HibernateJpaConfiguration.class]: Invocation of init method failed; nested exception is org.hibernate.AnnotationException: mappedBy reference an unknown target entity property: co.activityschool.entities.Actividad.tipo_actividad in co.activityschool.entities.TipoActividades.actividades
Caused by: org.hibernate.AnnotationException: mappedBy reference an unknown target entity property: co.activityschool.entities.Actividad.tipo_actividad in co.activityschool.entities.TipoActividades.actividades

